<?xml version="1.0" encoding="UTF-8"?>
<!-- Generated by org.testng.reporters.JUnitReportReporter -->
<testsuite hostname="Murtuzz" failures="0" tests="1" name="WebElements.FormValidation" time="10.776" errors="0" timestamp="2024-06-01T10:57:22 IST" skipped="0">
  <testcase classname="WebElements.FormValidation" name="formvalidation" time="10.776"/>
</testsuite> <!-- WebElements.FormValidation -->
