<?xml version="1.0" encoding="UTF-8"?>
<!-- Generated by org.testng.reporters.JUnitReportReporter -->
<testsuite hostname="Murtuzz" failures="0" tests="1" name="WebElements.Slider" time="70.378" errors="0" timestamp="2024-05-30T16:15:22 IST" skipped="0">
  <testcase classname="WebElements.Slider" name="slider" time="70.378"/>
</testsuite> <!-- WebElements.Slider -->
