<?xml version="1.0" encoding="UTF-8"?>
<!-- Generated by org.testng.reporters.JUnitReportReporter -->
<testsuite hostname="Murtuzz" failures="0" tests="2" name="WebElements.Link" time="23.372" errors="0" timestamp="2024-05-31T11:19:30 IST" skipped="0">
  <testcase classname="WebElements.Link" name="defaultLink" time="12.103"/>
  <testcase classname="WebElements.Link" name="linkInNewTab" time="11.269"/>
</testsuite> <!-- WebElements.Link -->
