<?xml version="1.0" encoding="UTF-8"?>
<!-- Generated by org.testng.reporters.JUnitReportReporter -->
<testsuite hostname="Murtuzz" failures="0" tests="1" name="Popups.BrowserWindows" time="6.372" errors="0" timestamp="2024-05-31T13:07:41 IST" skipped="0">
  <testcase classname="Popups.BrowserWindows" name="newWindow" time="6.372"/>
</testsuite> <!-- Popups.BrowserWindows -->
