<?xml version="1.0" encoding="UTF-8"?>
<!-- Generated by org.testng.reporters.JUnitReportReporter -->
<testsuite hostname="Murtuzz" failures="0" tests="1" name="Synchronization.ProgressBar" time="68.415" errors="0" timestamp="2024-05-30T16:40:50 IST" skipped="0">
  <testcase classname="Synchronization.ProgressBar" name="implicit" time="68.415"/>
</testsuite> <!-- Synchronization.ProgressBar -->
