<?xml version="1.0" encoding="UTF-8"?>
<!-- Generated by org.testng.reporters.JUnitReportReporter -->
<testsuite hostname="Murtuzz" failures="0" tests="1" name="WebElements.CheckBox" time="12.192" errors="0" timestamp="2024-05-31T11:03:20 IST" skipped="0">
  <testcase classname="WebElements.CheckBox" name="TableWithCheckbox" time="12.192"/>
</testsuite> <!-- WebElements.CheckBox -->
