<?xml version="1.0" encoding="UTF-8"?>
<!-- Generated by org.testng.reporters.JUnitReportReporter -->
<testsuite hostname="Murtuzz" failures="0" tests="4" name="Popups.JavaScriptPopup" time="198.257" errors="0" timestamp="2024-05-30T17:11:52 IST" skipped="0">
  <testcase classname="Popups.JavaScriptPopup" name="alert" time="26.764"/>
  <testcase classname="Popups.JavaScriptPopup" name="confirmaccept" time="60.645"/>
  <testcase classname="Popups.JavaScriptPopup" name="confirmcancel" time="47.335"/>
  <testcase classname="Popups.JavaScriptPopup" name="prompt" time="63.513"/>
</testsuite> <!-- Popups.JavaScriptPopup -->
