<?xml version="1.0" encoding="UTF-8"?>
<!-- Generated by org.testng.reporters.JUnitReportReporter -->
<testsuite hostname="Murtuzz" failures="0" tests="3" name="WebElements.Button" time="36.676" errors="0" timestamp="2024-05-31T10:59:10 IST" skipped="0">
  <testcase classname="WebElements.Button" name="verifyTheButton" time="10.380"/>
  <testcase classname="WebElements.Button" name="doubleClick" time="10.669"/>
  <testcase classname="WebElements.Button" name="defaultClick" time="15.627"/>
</testsuite> <!-- WebElements.Button -->
