<?xml version="1.0" encoding="UTF-8"?>
<!-- Generated by org.testng.reporters.JUnitReportReporter -->
<testsuite hostname="Murtuzz" failures="0" tests="4" name="WebElements.WebTableHandling" time="193.235" errors="0" timestamp="2024-05-30T16:34:20 IST" skipped="0">
  <testcase classname="WebElements.WebTableHandling" name="webtable" time="57.480"/>
  <testcase classname="WebElements.WebTableHandling" name="dynamic" time="25.536"/>
  <testcase classname="WebElements.WebTableHandling" name="pagination" time="69.975"/>
  <testcase classname="WebElements.WebTableHandling" name="checkbox" time="40.244"/>
</testsuite> <!-- WebElements.WebTableHandling -->
