<?xml version="1.0" encoding="UTF-8"?>
<!-- Generated by org.testng.reporters.JUnitReportReporter -->
<testsuite hostname="Murtuzz" failures="0" tests="1" name="Scroll.ScrollActions" time="12.952" errors="0" timestamp="2024-06-11T12:42:42 IST" skipped="0">
  <testcase classname="Scroll.ScrollActions" name="testScrollPage" time="12.952"/>
</testsuite> <!-- Scroll.ScrollActions -->
