<?xml version="1.0" encoding="UTF-8"?>
<!-- Generated by org.testng.reporters.JUnitReportReporter -->
<testsuite hostname="Murtuzz" failures="0" tests="1" name="Frames.NestedFrames" time="45.032" errors="0" timestamp="2024-05-30T16:55:00 IST" skipped="0">
  <testcase classname="Frames.NestedFrames" name="Frames" time="45.032"/>
</testsuite> <!-- Frames.NestedFrames -->
