<?xml version="1.0" encoding="UTF-8"?>
<!-- Generated by org.testng.reporters.JUnitReportReporter -->
<testsuite hostname="Murtuzz" failures="0" tests="1" name="Frames.NestedFrames" time="18.719" errors="0" timestamp="2024-06-29T11:37:33 IST" skipped="0">
  <testcase classname="Frames.NestedFrames" name="Frames" time="18.719"/>
</testsuite> <!-- Frames.NestedFrames -->
