<?xml version="1.0" encoding="UTF-8"?>
<!-- Generated by org.testng.reporters.JUnitReportReporter -->
<testsuite hostname="Murtuzz" failures="0" tests="1" name="MouseActions.DragAndDrop" time="12.243" errors="0" timestamp="2024-05-31T11:38:13 IST" skipped="0">
  <testcase classname="MouseActions.DragAndDrop" name="dragPosition" time="12.243"/>
</testsuite> <!-- MouseActions.DragAndDrop -->
